# JRE version: OpenJDK Runtime Environment (11.0.10) (build 11.0.10+0-b96-7249189)
# Java VM: OpenJDK 64-Bit Server VM (11.0.10+0-b96-7249189, mixed mode, tiered, compressed oops, g1 gc, windows-amd64)
Heap:
 garbage-first heap   total 337920K, used 214486K [0x00000000a0000000, 0x0000000100000000)
  region size 1024K, 59 young (60416K), 11 survivors (11264K)
 Metaspace       used 98683K, capacity 102841K, committed 103076K, reserved 1138688K
  class space    used 12463K, capacity 13816K, committed 13824K, reserved 1048576K
GC Heap History (20 events):
Event: 728.125 GC heap before
{Heap before GC invocations=78 (full 0):
 garbage-first heap   total 322560K, used 299179K [0x00000000a0000000, 0x0000000100000000)
  region size 1024K, 63 young (64512K), 6 survivors (6144K)
 Metaspace       used 97996K, capacity 102148K, committed 102308K, reserved 1138688K
  class space    used 12434K, capacity 13768K, committed 13824K, reserved 1048576K
}
Event: 728.134 GC heap after
{Heap after GC invocations=79 (full 0):
 garbage-first heap   total 322560K, used 244839K [0x00000000a0000000, 0x0000000100000000)
  region size 1024K, 3 young (3072K), 3 survivors (3072K)
 Metaspace       used 97996K, capacity 102148K, committed 102308K, reserved 1138688K
  class space    used 12434K, capacity 13768K, committed 13824K, reserved 1048576K
}
Event: 728.676 GC heap before
{Heap before GC invocations=79 (full 0):
 garbage-first heap   total 322560K, used 257127K [0x00000000a0000000, 0x0000000100000000)
  region size 1024K, 15 young (15360K), 3 survivors (3072K)
 Metaspace       used 98043K, capacity 102185K, committed 102308K, reserved 1138688K
  class space    used 12439K, capacity 13777K, committed 13824K, reserved 1048576K
}
Event: 728.685 GC heap after
{Heap after GC invocations=80 (full 0):
 garbage-first heap   total 322560K, used 241275K [0x00000000a0000000, 0x0000000100000000)
  region size 1024K, 1 young (1024K), 1 survivors (1024K)
 Metaspace       used 98043K, capacity 102185K, committed 102308K, reserved 1138688K
  class space    used 12439K, capacity 13777K, committed 13824K, reserved 1048576K
}
Event: 729.213 GC heap before
{Heap before GC invocations=80 (full 0):
 garbage-first heap   total 322560K, used 255611K [0x00000000a0000000, 0x0000000100000000)
  region size 1024K, 16 young (16384K), 1 survivors (1024K)
 Metaspace       used 98061K, capacity 102185K, committed 102308K, reserved 1138688K
  class space    used 12439K, capacity 13777K, committed 13824K, reserved 1048576K
}
Event: 729.216 GC heap after
{Heap after GC invocations=81 (full 0):
 garbage-first heap   total 322560K, used 241125K [0x00000000a0000000, 0x0000000100000000)
  region size 1024K, 1 young (1024K), 1 survivors (1024K)
 Metaspace       used 98061K, capacity 102185K, committed 102308K, reserved 1138688K
  class space    used 12439K, capacity 13777K, committed 13824K, reserved 1048576K
}
Event: 729.453 GC heap before
{Heap before GC invocations=82 (full 0):
 garbage-first heap   total 337920K, used 256485K [0x00000000a0000000, 0x0000000100000000)
  region size 1024K, 2 young (2048K), 1 survivors (1024K)
 Metaspace       used 98057K, capacity 102179K, committed 102308K, reserved 1138688K
  class space    used 12439K, capacity 13776K, committed 13824K, reserved 1048576K
}
Event: 729.456 GC heap after
{Heap after GC invocations=83 (full 0):
 garbage-first heap   total 337920K, used 196122K [0x00000000a0000000, 0x0000000100000000)
  region size 1024K, 1 young (1024K), 1 survivors (1024K)
 Metaspace       used 98057K, capacity 102179K, committed 102308K, reserved 1138688K
  class space    used 12439K, capacity 13776K, committed 13824K, reserved 1048576K
}
Event: 730.018 GC heap before
{Heap before GC invocations=84 (full 0):
 garbage-first heap   total 337920K, used 268826K [0x00000000a0000000, 0x0000000100000000)
  region size 1024K, 17 young (17408K), 1 survivors (1024K)
 Metaspace       used 98074K, capacity 102179K, committed 102308K, reserved 1138688K
  class space    used 12439K, capacity 13776K, committed 13824K, reserved 1048576K
}
Event: 730.021 GC heap after
{Heap after GC invocations=85 (full 0):
 garbage-first heap   total 337920K, used 151158K [0x00000000a0000000, 0x0000000100000000)
  region size 1024K, 1 young (1024K), 1 survivors (1024K)
 Metaspace       used 98074K, capacity 102179K, committed 102308K, reserved 1138688K
  class space    used 12439K, capacity 13776K, committed 13824K, reserved 1048576K
}
Event: 730.232 GC heap before
{Heap before GC invocations=86 (full 0):
 garbage-first heap   total 337920K, used 212598K [0x00000000a0000000, 0x0000000100000000)
  region size 1024K, 2 young (2048K), 1 survivors (1024K)
 Metaspace       used 98078K, capacity 102179K, committed 102308K, reserved 1138688K
  class space    used 12439K, capacity 13776K, committed 13824K, reserved 1048576K
}
Event: 730.235 GC heap after
{Heap after GC invocations=87 (full 0):
 garbage-first heap   total 337920K, used 177957K [0x00000000a0000000, 0x0000000100000000)
  region size 1024K, 2 young (2048K), 2 survivors (2048K)
 Metaspace       used 98078K, capacity 102179K, committed 102308K, reserved 1138688K
  class space    used 12439K, capacity 13776K, committed 13824K, reserved 1048576K
}
Event: 730.426 GC heap before
{Heap before GC invocations=88 (full 0):
 garbage-first heap   total 337920K, used 204581K [0x00000000a0000000, 0x0000000100000000)
  region size 1024K, 3 young (3072K), 2 survivors (2048K)
 Metaspace       used 98078K, capacity 102179K, committed 102308K, reserved 1138688K
  class space    used 12439K, capacity 13776K, committed 13824K, reserved 1048576K
}
Event: 730.428 GC heap after
{Heap after GC invocations=89 (full 0):
 garbage-first heap   total 337920K, used 177959K [0x00000000a0000000, 0x0000000100000000)
  region size 1024K, 2 young (2048K), 2 survivors (2048K)
 Metaspace       used 98078K, capacity 102179K, committed 102308K, reserved 1138688K
  class space    used 12439K, capacity 13776K, committed 13824K, reserved 1048576K
}
Event: 730.629 GC heap before
{Heap before GC invocations=90 (full 0):
 garbage-first heap   total 337920K, used 206631K [0x00000000a0000000, 0x0000000100000000)
  region size 1024K, 3 young (3072K), 2 survivors (2048K)
 Metaspace       used 98079K, capacity 102179K, committed 102308K, reserved 1138688K
  class space    used 12439K, capacity 13776K, committed 13824K, reserved 1048576K
}
Event: 730.632 GC heap after
{Heap after GC invocations=91 (full 0):
 garbage-first heap   total 337920K, used 177979K [0x00000000a0000000, 0x0000000100000000)
  region size 1024K, 2 young (2048K), 2 survivors (2048K)
 Metaspace       used 98079K, capacity 102179K, committed 102308K, reserved 1138688K
  class space    used 12439K, capacity 13776K, committed 13824K, reserved 1048576K
}
Event: 1516.687 GC heap before
{Heap before GC invocations=92 (full 0):
 garbage-first heap   total 337920K, used 266043K [0x00000000a0000000, 0x0000000100000000)
  region size 1024K, 64 young (65536K), 2 survivors (2048K)
 Metaspace       used 98317K, capacity 102424K, committed 102564K, reserved 1138688K
  class space    used 12447K, capacity 13788K, committed 13824K, reserved 1048576K
}
Event: 1516.693 GC heap after
{Heap after GC invocations=93 (full 0):
 garbage-first heap   total 337920K, used 155185K [0x00000000a0000000, 0x0000000100000000)
  region size 1024K, 5 young (5120K), 5 survivors (5120K)
 Metaspace       used 98317K, capacity 102424K, committed 102564K, reserved 1138688K
  class space    used 12447K, capacity 13788K, committed 13824K, reserved 1048576K
}
Event: 1517.310 GC heap before
{Heap before GC invocations=93 (full 0):
 garbage-first heap   total 337920K, used 238129K [0x00000000a0000000, 0x0000000100000000)
  region size 1024K, 86 young (88064K), 5 survivors (5120K)
 Metaspace       used 98546K, capacity 102653K, committed 102820K, reserved 1138688K
  class space    used 12457K, capacity 13805K, committed 13824K, reserved 1048576K
}
Event: 1517.330 GC heap after
{Heap after GC invocations=94 (full 0):
 garbage-first heap   total 337920K, used 167382K [0x00000000a0000000, 0x0000000100000000)
  region size 1024K, 11 young (11264K), 11 survivors (11264K)
 Metaspace       used 98546K, capacity 102653K, committed 102820K, reserved 1138688K
  class space    used 12457K, capacity 13805K, committed 13824K, reserved 1048576K
}

